\BOOKMARK [1][-]{section.1}{Introduction}{}% 1
\BOOKMARK [2][-]{subsection.1.1}{Brief Introduction to Convex Optimization}{section.1}% 2
\BOOKMARK [2][-]{subsection.1.2}{On Successive Convexification}{section.1}% 3
\BOOKMARK [1][-]{section.2}{Problem Description}{}% 4
\BOOKMARK [1][-]{section.3}{Definitions and Notation}{}% 5
\BOOKMARK [1][-]{section.4}{Vehicle Dynamics}{}% 6
\BOOKMARK [2][-]{subsection.4.1}{Translational Dynamics}{section.4}% 7
\BOOKMARK [2][-]{subsection.4.2}{Attitude Dynamics and Formalisms}{section.4}% 8
\BOOKMARK [3][-]{subsubsection.4.2.1}{Quaternions}{subsection.4.2}% 9
\BOOKMARK [3][-]{subsubsection.4.2.2}{Modified Rodrigues Parameters}{subsection.4.2}% 10
\BOOKMARK [1][-]{section.5}{Boundary Conditions and State Constraints}{}% 11
\BOOKMARK [1][-]{section.6}{Continuous Time Problem}{}% 12
\BOOKMARK [1][-]{section.7}{Linearization}{}% 13
\BOOKMARK [2][-]{subsection.7.1}{Convexifying the Minimum Thrust Constraint}{section.7}% 14
\BOOKMARK [1][-]{section.8}{Discretization Scheme}{}% 15
\BOOKMARK [1][-]{section.9}{Successive Form, Trust Regions and Relaxations}{}% 16
\BOOKMARK [1][-]{section.10}{Convex Sub-Problem}{}% 17
\BOOKMARK [1][-]{section.11}{Planar Problem Solutions}{}% 18
\BOOKMARK [1][-]{section.12}{Non-Planar Problem Solutions}{}% 19
\BOOKMARK [1][-]{section.13}{Conclusion}{}% 20
